<?xml version="1.0" encoding="UTF-8"?>
<!-- Generated by org.testng.reporters.JUnitXMLReporter -->
<testsuite ignored="0" hostname="DESKTOP-0H5R4VD" failures="0" tests="9" name="Test" time="166.223" errors="0" timestamp="2025-08-11T17:10:19 IST">
  <testcase classname="organizationmodule.CreateOrganizationTest" name="creatingOrganization" time="18.706"/>
  <testcase classname="contactsmodule.CreateContactWithSupportTest" name="creatingContactwithSupport" time="14.633"/>
  <testcase classname="opportunitiesmodule.CreateOpportuinityWithOrganizationAndExpectedCloseDateTest" name="creatingOpportunityWithOrganization" time="21.456"/>
  <testcase classname="contactsmodule.CreateContactTest" name="creatingContact" time="14.543"/>
  <testcase classname="organizationmodule.CreateOrganizationWithTypeTest" name="creatingOrganization" time="16.291"/>
  <testcase classname="organizationmodule.CreateOrganizationWithPhoneNoTest" name="creatingOrganizationwithPhoneNo" time="14.735"/>
  <testcase classname="opportunitiesmodule.CreateOpportuinityWithOrganizationTest" name="creatingOpportunityWithOrganization" time="21.37"/>
  <testcase classname="opportunitiesmodule.CreateOpportuinityWithOrganizationAndTypeTest" name="creatingOpportunityWithOrganization" time="21.628"/>
  <testcase classname="contactsmodule.CreateContactWithOrganizationTest" name="creatingContact" time="22.794"/>
</testsuite> <!-- Test -->
