<?xml version="1.0" encoding="UTF-8"?>
<testng-results ignored="0" total="1" passed="1" failed="0" skipped="0">
  <reporter-output>
  </reporter-output>
  <suite started-at="2025-08-05T17:01:21 IST" name="Surefire suite" finished-at="2025-08-05T17:01:22 IST" duration-ms="789">
    <groups>
    </groups>
    <test started-at="2025-08-05T17:01:21 IST" name="Surefire test" finished-at="2025-08-05T17:01:22 IST" duration-ms="789">
      <class name="practice.ReadMultipleDatafromExcelTest">
        <test-method signature="readingExcelData()[pri:0, instance:practice.ReadMultipleDatafromExcelTest@25d250c6]" started-at="2025-08-05T17:01:21 IST" name="readingExcelData" finished-at="2025-08-05T17:01:22 IST" duration-ms="750" status="PASS">
          <reporter-output>
          </reporter-output>
        </test-method> <!-- readingExcelData -->
      </class> <!-- practice.ReadMultipleDatafromExcelTest -->
    </test> <!-- Surefire test -->
  </suite> <!-- Surefire suite -->
</testng-results>
