<?xml version="1.0" encoding="UTF-8"?>
<testng-results ignored="0" total="1" passed="1" failed="0" skipped="0">
  <reporter-output>
  </reporter-output>
  <suite started-at="2025-12-03T17:59:58 IST" name="Default suite" finished-at="2025-12-03T18:00:13 IST" duration-ms="14016">
    <groups>
    </groups>
    <test started-at="2025-12-03T17:59:58 IST" name="Default test" finished-at="2025-12-03T18:00:13 IST" duration-ms="14016">
      <class name="baisalimamsession.GoogleTask">
        <test-method signature="countingName()[pri:0, instance:baisalimamsession.GoogleTask@233795b6]" started-at="2025-12-03T17:59:59 IST" name="countingName" finished-at="2025-12-03T18:00:13 IST" duration-ms="13973" status="PASS">
          <reporter-output>
          </reporter-output>
        </test-method> <!-- countingName -->
      </class> <!-- baisalimamsession.GoogleTask -->
    </test> <!-- Default test -->
  </suite> <!-- Default suite -->
</testng-results>
