<?xml version="1.0" encoding="UTF-8"?>
<!-- Generated by org.testng.reporters.JUnitReportReporter -->
<testsuite hostname="DESKTOP-0H5R4VD" failures="0" tests="1" name="practice.TC_Iframe_001_Test" time="56.493" errors="0" timestamp="2025-08-01T15:51:12 IST" skipped="0">
  <testcase classname="practice.TC_Iframe_001_Test" name="tolearnAncestor" time="56.493">
    <system-out>
      <![CDATA[PRODUCT DETAILS
Colour: purple and GoldToned
Striped embroidered
Round neck
Short, cap sleeves
Kaftan shape with panelled style
Thread work detail
Calf length with Flared hem
Machine weave regular viscose rayon
Size & Fit
The model (height 5'8) is wearing a size S
Material & Care
60% Cotton 40% Rayon
Machine Wash
Specifications
Sleeve Length
Short Sleeves
Shape
Kaftan
Neck
Round Neck
Design Styling
Regular
Slit Detail
Side Slits
Ornamentation
Thread Work
Length
Calf Length
Hemline
Straight
See More]]>
    </system-out>
  </testcase> <!-- tolearnAncestor -->
  <system-out>
    <![CDATA[PRODUCT DETAILS
Colour: purple and GoldToned
Striped embroidered
Round neck
Short, cap sleeves
Kaftan shape with panelled style
Thread work detail
Calf length with Flared hem
Machine weave regular viscose rayon
Size & Fit
The model (height 5'8) is wearing a size S
Material & Care
60% Cotton 40% Rayon
Machine Wash
Specifications
Sleeve Length
Short Sleeves
Shape
Kaftan
Neck
Round Neck
Design Styling
Regular
Slit Detail
Side Slits
Ornamentation
Thread Work
Length
Calf Length
Hemline
Straight
See More]]>
  </system-out>
</testsuite> <!-- practice.TC_Iframe_001_Test -->
