<?xml version="1.0" encoding="UTF-8"?>
<!-- Generated by org.testng.reporters.JUnitReportReporter -->
<testsuite hostname="DESKTOP-0H5R4VD" failures="0" tests="1" name="login.TC_UserLogin_002_Test" time="11.634" errors="0" timestamp="2025-07-28T15:06:11 IST" skipped="0">
  <testcase classname="login.TC_UserLogin_002_Test" name="login" time="11.634">
    <system-out>
      <![CDATA[Home page is displayed
Login to your account page is displayed
Logged in as Rojalin Sahoo page is displayed]]>
    </system-out>
  </testcase> <!-- login -->
  <system-out>
    <![CDATA[Home page is displayed
Login to your account page is displayed
Logged in as Rojalin Sahoo page is displayed]]>
  </system-out>
</testsuite> <!-- login.TC_UserLogin_002_Test -->
