<?xml version="1.0" encoding="UTF-8"?>
<!-- Generated by org.testng.reporters.JUnitReportReporter -->
<testsuite hostname="DESKTOP-0H5R4VD" failures="0" tests="1" name="opportunitiesmodule.CreateOpportuinityWithOrganizationAndTypeTest" time="21.628" errors="0" timestamp="2025-08-11T17:10:19 IST" skipped="0">
  <testcase classname="opportunitiesmodule.CreateOpportuinityWithOrganizationAndTypeTest" name="creatingOpportunityWithOrganization" time="21.628"/>
</testsuite> <!-- opportunitiesmodule.CreateOpportuinityWithOrganizationAndTypeTest -->
