<?xml version="1.0" encoding="UTF-8"?>
<!-- Generated by org.testng.reporters.JUnitReportReporter -->
<testsuite hostname="DESKTOP-0H5R4VD" failures="0" tests="1" name="contactus.TC_ContactUsIcon_006_Test" time="18.716" errors="0" timestamp="2025-07-28T15:45:42 IST" skipped="0">
  <testcase classname="contactus.TC_ContactUsIcon_006_Test" name="login" time="18.716">
    <system-out>
      <![CDATA[Home page is displayed
Get In Touch page is displayed
Success! Your details have been submitted successfully message is displayed
Home page is displayed]]>
    </system-out>
  </testcase> <!-- login -->
  <system-out>
    <![CDATA[Home page is displayed
Get In Touch page is displayed
Success! Your details have been submitted successfully message is displayed
Home page is displayed]]>
  </system-out>
</testsuite> <!-- contactus.TC_ContactUsIcon_006_Test -->
